h:\desktop\year 2\intro to shaders\lab_lighting\teapotad\teapotad\x64\debug\teapotad.pch
h:\desktop\year 2\intro to shaders\lab_lighting\teapotad\teapotad\x64\debug\vc141.pdb
h:\desktop\year 2\intro to shaders\lab_lighting\teapotad\teapotad\x64\debug\vc141.idb
h:\desktop\year 2\intro to shaders\lab_lighting\teapotad\teapotad\x64\debug\stdafx.obj
h:\desktop\year 2\intro to shaders\lab_lighting\teapotad\teapotad\x64\debug\vboteapot.obj
h:\desktop\year 2\intro to shaders\lab_lighting\teapotad\teapotad\x64\debug\vboplane.obj
h:\desktop\year 2\intro to shaders\lab_lighting\teapotad\teapotad\x64\debug\scenediffuse.obj
h:\desktop\year 2\intro to shaders\lab_lighting\teapotad\teapotad\x64\debug\glutils.obj
h:\desktop\year 2\intro to shaders\lab_lighting\teapotad\teapotad\x64\debug\glslprogram.obj
h:\desktop\year 2\intro to shaders\lab_lighting\teapotad\teapotad\x64\debug\gl_core_4_3.obj
h:\desktop\year 2\intro to shaders\lab_lighting\teapotad\teapotad\x64\debug\drawable.obj
h:\desktop\year 2\intro to shaders\lab_lighting\teapotad\teapotad\x64\debug\texture.obj
h:\desktop\year 2\intro to shaders\lab_lighting\teapotad\teapotad\x64\debug\teapotad.obj
h:\desktop\year 2\intro to shaders\lab_lighting\teapotad\teapotad\x64\debug\quatcamera.obj
h:\desktop\year 2\intro to shaders\lab_lighting\teapotad\teapotad\x64\debug\bitmap.obj
h:\desktop\year 2\intro to shaders\lab_lighting\teapot\x64\debug\teapotad.exe
h:\desktop\year 2\intro to shaders\lab_lighting\teapot\x64\debug\teapotad.ilk
h:\desktop\year 2\intro to shaders\lab_lighting\teapot\x64\debug\teapotad.pdb
h:\desktop\year 2\intro to shaders\lab_lighting\teapotad\teapotad\x64\debug\teapotad.ilk
h:\desktop\year 2\intro to shaders\lab_lighting\teapotad\teapotad\x64\debug\teapotad.pdb
h:\desktop\year 2\intro to shaders\lab_lighting\teapotad\x64\debug\teapotad.pdb
h:\desktop\year 2\intro to shaders\lab_lighting\teapotad\teapotad\x64\debug\teapotad.tlog\cl.command.1.tlog
h:\desktop\year 2\intro to shaders\lab_lighting\teapotad\teapotad\x64\debug\teapotad.tlog\cl.read.1.tlog
h:\desktop\year 2\intro to shaders\lab_lighting\teapotad\teapotad\x64\debug\teapotad.tlog\cl.write.1.tlog
h:\desktop\year 2\intro to shaders\lab_lighting\teapotad\teapotad\x64\debug\teapotad.tlog\link.command.1.tlog
h:\desktop\year 2\intro to shaders\lab_lighting\teapotad\teapotad\x64\debug\teapotad.tlog\link.read.1.tlog
h:\desktop\year 2\intro to shaders\lab_lighting\teapotad\teapotad\x64\debug\teapotad.tlog\link.write.1.tlog
